[ 2026-06-01 14:31:26,274 ] 19 root - INFO - Initiate the data ingestion
[ 2026-06-01 14:31:26,773 ] 96 pymongo.serverSelection - INFO - {"message": "Waiting for suitable server to become available", "selector": "Primary()", "operation": "find", "topologyDescription": "<TopologyDescription id: 6a1d4a66d5f6563cc9992b0f, topology_type: ReplicaSetNoPrimary, servers: [<ServerDescription ('ac-qybbcer-shard-00-00.b4ajam9.mongodb.net', 27017) server_type: Unknown, rtt: None>, <ServerDescription ('ac-qybbcer-shard-00-01.b4ajam9.mongodb.net', 27017) server_type: Unknown, rtt: None>, <ServerDescription ('ac-qybbcer-shard-00-02.b4ajam9.mongodb.net', 27017) server_type: Unknown, rtt: None>]>", "clientId": {"$oid": "6a1d4a66d5f6563cc9992b0f"}, "remainingTimeMS": 30}
[ 2026-06-01 14:31:28,507 ] 70 root - INFO - Performed train test split on the dataframe
[ 2026-06-01 14:31:28,507 ] 72 root - INFO - Exited split_data_as_train_test method of Data_Ingestion_ class
[ 2026-06-01 14:31:28,508 ] 77 root - INFO - Exporting train and test file path
[ 2026-06-01 14:31:28,572 ] 86 root - INFO - Exported train and test file path.
[ 2026-06-01 14:31:28,573 ] 21 root - INFO - Data Initiation completed.
[ 2026-06-01 14:31:28,581 ] 25 root - INFO - Initiate the data validation
[ 2026-06-01 14:31:28,608 ] 34 root - INFO - Required number of columns:2
[ 2026-06-01 14:31:28,608 ] 35 root - INFO - Dataframe has columns:31
[ 2026-06-01 14:31:28,608 ] 34 root - INFO - Required number of columns:2
[ 2026-06-01 14:31:28,608 ] 35 root - INFO - Dataframe has columns:31
[ 2026-06-01 14:31:28,759 ] 27 root - INFO - Data validation completed
[ 2026-06-01 14:31:28,759 ] 30 root - INFO - data transformation started
[ 2026-06-01 14:31:28,759 ] 63 root - INFO - Entered initiate_data_transformation method of DataTransformation class
[ 2026-06-01 14:31:28,759 ] 65 root - INFO - Starting data transformation
[ 2026-06-01 14:31:28,780 ] 48 root - INFO - Entered get_data_trnasformer_object method of Trnasformation class
[ 2026-06-01 14:31:28,781 ] 53 root - INFO - Initialise KNNImputer with {'missing_values': nan, 'n_neighbors': 3, 'weights': 'uniform'}
[ 2026-06-01 14:31:28,813 ] 49 root - INFO - Entered the save_object method of MainUtils class
[ 2026-06-01 14:31:28,822 ] 53 root - INFO - Exited the save_object method of MainUtils class
[ 2026-06-01 14:31:28,822 ] 49 root - INFO - Entered the save_object method of MainUtils class
[ 2026-06-01 14:31:28,832 ] 53 root - INFO - Exited the save_object method of MainUtils class
[ 2026-06-01 14:31:28,833 ] 34 root - INFO - data transformation completed
[ 2026-06-01 14:31:28,834 ] 35 root - INFO - Model Training sstared
[ 2026-06-01 14:34:45,497 ] 49 root - INFO - Entered the save_object method of MainUtils class
[ 2026-06-01 14:34:45,506 ] 53 root - INFO - Exited the save_object method of MainUtils class
[ 2026-06-01 14:34:45,506 ] 49 root - INFO - Entered the save_object method of MainUtils class
[ 2026-06-01 14:34:45,530 ] 53 root - INFO - Exited the save_object method of MainUtils class
[ 2026-06-01 14:34:45,530 ] 132 root - INFO - Model trainer artifact: ModelTrainerArtifact(trained_model_file_path='Artifacts\\06_01_2026_14_31_17\\model_trainer\\trained_model\\model.pkl', train_metric_artifact=ClassificationMetricArtifact(f1_score=0.9913644214162349, precision_score=0.9910623603493804, recall_score=0.9916666666666667), test_metric_artifact=ClassificationMetricArtifact(f1_score=0.9736421725239617, precision_score=0.9621152328334649, recall_score=0.9854486661277284))
[ 2026-06-01 14:34:45,530 ] 39 root - INFO - Model Training artifact created
