[ 2026-06-01 14:17:36,386 ] 19 root - INFO - Initiate the data ingestion
[ 2026-06-01 14:17:36,711 ] 96 pymongo.serverSelection - INFO - {"message": "Waiting for suitable server to become available", "selector": "Primary()", "operation": "find", "topologyDescription": "<TopologyDescription id: 6a1d472853ff1ac5668fc293, topology_type: ReplicaSetNoPrimary, servers: [<ServerDescription ('ac-qybbcer-shard-00-00.b4ajam9.mongodb.net', 27017) server_type: Unknown, rtt: None>, <ServerDescription ('ac-qybbcer-shard-00-01.b4ajam9.mongodb.net', 27017) server_type: Unknown, rtt: None>, <ServerDescription ('ac-qybbcer-shard-00-02.b4ajam9.mongodb.net', 27017) server_type: Unknown, rtt: None>]>", "clientId": {"$oid": "6a1d472853ff1ac5668fc293"}, "remainingTimeMS": 30}
[ 2026-06-01 14:17:38,554 ] 70 root - INFO - Performed train test split on the dataframe
[ 2026-06-01 14:17:38,555 ] 72 root - INFO - Exited split_data_as_train_test method of Data_Ingestion_ class
[ 2026-06-01 14:17:38,556 ] 77 root - INFO - Exporting train and test file path
[ 2026-06-01 14:17:38,618 ] 86 root - INFO - Exported train and test file path.
[ 2026-06-01 14:17:38,618 ] 21 root - INFO - Data Initiation completed.
[ 2026-06-01 14:17:38,625 ] 25 root - INFO - Initiate the data validation
[ 2026-06-01 14:17:38,648 ] 34 root - INFO - Required number of columns:2
[ 2026-06-01 14:17:38,648 ] 35 root - INFO - Dataframe has columns:31
[ 2026-06-01 14:17:38,649 ] 34 root - INFO - Required number of columns:2
[ 2026-06-01 14:17:38,649 ] 35 root - INFO - Dataframe has columns:31
[ 2026-06-01 14:17:38,793 ] 27 root - INFO - Data validation completed
[ 2026-06-01 14:17:38,793 ] 30 root - INFO - data transformation started
[ 2026-06-01 14:17:38,793 ] 63 root - INFO - Entered initiate_data_transformation method of DataTransformation class
[ 2026-06-01 14:17:38,793 ] 65 root - INFO - Starting data transformation
[ 2026-06-01 14:17:38,820 ] 48 root - INFO - Entered get_data_trnasformer_object method of Trnasformation class
[ 2026-06-01 14:17:38,820 ] 53 root - INFO - Initialise KNNImputer with {'missing_values': nan, 'n_neighbors': 3, 'weights': 'uniform'}
[ 2026-06-01 14:17:38,844 ] 48 root - INFO - Entered the save_object method of MainUtils class
[ 2026-06-01 14:17:38,854 ] 52 root - INFO - Exited the save_object method of MainUtils class
[ 2026-06-01 14:17:38,854 ] 48 root - INFO - Entered the save_object method of MainUtils class
[ 2026-06-01 14:17:38,864 ] 52 root - INFO - Exited the save_object method of MainUtils class
[ 2026-06-01 14:17:38,865 ] 34 root - INFO - data transformation completed
[ 2026-06-01 14:17:38,865 ] 35 root - INFO - Model Training sstared
